  Bad_exception.cpp
  DigitString.cpp
C:\Users\Aquatic\source\repos\oop_lab_5.1H\oop_lab_5.1H\DigitString.h(8,10): warning C4067: unexpected tokens following preprocessor directive - expected a newline
C:\Users\Aquatic\source\repos\oop_lab_5.1H\oop_lab_5.1H\DigitString.h(9,10): warning C4067: unexpected tokens following preprocessor directive - expected a newline
  Exception.cpp
  Fraction_Private.cpp
C:\Users\Aquatic\source\repos\oop_lab_5.1H\oop_lab_5.1H\DigitString.h(8,10): warning C4067: unexpected tokens following preprocessor directive - expected a newline
C:\Users\Aquatic\source\repos\oop_lab_5.1H\oop_lab_5.1H\DigitString.h(9,10): warning C4067: unexpected tokens following preprocessor directive - expected a newline
C:\Users\Aquatic\source\repos\oop_lab_5.1H\oop_lab_5.1H\Fraction_Private.h(42,18): warning C4290: C++ exception specification ignored except to indicate a function is not __declspec(nothrow)
C:\Users\Aquatic\source\repos\oop_lab_5.1H\oop_lab_5.1H\Fraction_Private.h(63,81): warning C4290: C++ exception specification ignored except to indicate a function is not __declspec(nothrow)
C:\Users\Aquatic\source\repos\oop_lab_5.1H\oop_lab_5.1H\Fraction_Private.cpp(152,73): warning C4290: C++ exception specification ignored except to indicate a function is not __declspec(nothrow)
  Fraction_Public.cpp
C:\Users\Aquatic\source\repos\oop_lab_5.1H\oop_lab_5.1H\DigitString.h(8,10): warning C4067: unexpected tokens following preprocessor directive - expected a newline
C:\Users\Aquatic\source\repos\oop_lab_5.1H\oop_lab_5.1H\DigitString.h(9,10): warning C4067: unexpected tokens following preprocessor directive - expected a newline
C:\Users\Aquatic\source\repos\oop_lab_5.1H\oop_lab_5.1H\Fraction_Public.h(43,17): warning C4290: C++ exception specification ignored except to indicate a function is not __declspec(nothrow)
C:\Users\Aquatic\source\repos\oop_lab_5.1H\oop_lab_5.1H\Fraction_Public.h(64,80): warning C4290: C++ exception specification ignored except to indicate a function is not __declspec(nothrow)
C:\Users\Aquatic\source\repos\oop_lab_5.1H\oop_lab_5.1H\Fraction_Public.cpp(152,72): warning C4290: C++ exception specification ignored except to indicate a function is not __declspec(nothrow)
  oop_lab_5.1H.cpp
C:\Users\Aquatic\source\repos\oop_lab_5.1H\oop_lab_5.1H\DigitString.h(8,10): warning C4067: unexpected tokens following preprocessor directive - expected a newline
C:\Users\Aquatic\source\repos\oop_lab_5.1H\oop_lab_5.1H\DigitString.h(9,10): warning C4067: unexpected tokens following preprocessor directive - expected a newline
C:\Users\Aquatic\source\repos\oop_lab_5.1H\oop_lab_5.1H\Fraction_Public.h(43,17): warning C4290: C++ exception specification ignored except to indicate a function is not __declspec(nothrow)
C:\Users\Aquatic\source\repos\oop_lab_5.1H\oop_lab_5.1H\Fraction_Public.h(64,80): warning C4290: C++ exception specification ignored except to indicate a function is not __declspec(nothrow)
C:\Users\Aquatic\source\repos\oop_lab_5.1H\oop_lab_5.1H\Fraction_Private.h(42,18): warning C4290: C++ exception specification ignored except to indicate a function is not __declspec(nothrow)
C:\Users\Aquatic\source\repos\oop_lab_5.1H\oop_lab_5.1H\Fraction_Private.h(63,81): warning C4290: C++ exception specification ignored except to indicate a function is not __declspec(nothrow)
  Generating Code...
  oop_lab_5.1H.vcxproj -> C:\Users\Aquatic\source\repos\oop_lab_5.1H\Debug\oop_lab_5.1H.exe
